* Starting client
* Connecting to master process on port 3034
* Analyzing classpath: 
  - C:/tempa/assignment-3-20170515T183519Z-001/assignment-3/out/production/main
  - C:\Program Files\Java\jdk1.8.0_121\jre\lib\charsets.jar
  - C:\Program Files\Java\jdk1.8.0_121\jre\lib\deploy.jar
  - C:\Program Files\Java\jdk1.8.0_121\jre\lib\ext\access-bridge-64.jar
  - C:\Program Files\Java\jdk1.8.0_121\jre\lib\ext\cldrdata.jar
  - C:\Program Files\Java\jdk1.8.0_121\jre\lib\ext\dnsns.jar
  - C:\Program Files\Java\jdk1.8.0_121\jre\lib\ext\jaccess.jar
  - C:\Program Files\Java\jdk1.8.0_121\jre\lib\ext\jfxrt.jar
  - C:\Program Files\Java\jdk1.8.0_121\jre\lib\ext\localedata.jar
  - C:\Program Files\Java\jdk1.8.0_121\jre\lib\ext\nashorn.jar
  - C:\Program Files\Java\jdk1.8.0_121\jre\lib\ext\sunec.jar
  - C:\Program Files\Java\jdk1.8.0_121\jre\lib\ext\sunjce_provider.jar
  - C:\Program Files\Java\jdk1.8.0_121\jre\lib\ext\sunmscapi.jar
  - C:\Program Files\Java\jdk1.8.0_121\jre\lib\ext\sunpkcs11.jar
  - C:\Program Files\Java\jdk1.8.0_121\jre\lib\ext\zipfs.jar
  - C:\Program Files\Java\jdk1.8.0_121\jre\lib\javaws.jar
  - C:\Program Files\Java\jdk1.8.0_121\jre\lib\jce.jar
  - C:\Program Files\Java\jdk1.8.0_121\jre\lib\jfr.jar
  - C:\Program Files\Java\jdk1.8.0_121\jre\lib\jfxswt.jar
  - C:\Program Files\Java\jdk1.8.0_121\jre\lib\jsse.jar
  - C:\Program Files\Java\jdk1.8.0_121\jre\lib\management-agent.jar
  - C:\Program Files\Java\jdk1.8.0_121\jre\lib\plugin.jar
  - C:\Program Files\Java\jdk1.8.0_121\jre\lib\resources.jar
  - C:\Program Files\Java\jdk1.8.0_121\jre\lib\rt.jar
  - C:\tempa\assignment-3-20170515T183519Z-001\assignment-3\out\production\main
* Error while initializing target class: java.lang.NullPointerException
